Using pre-set license
Built from '2020.3/release' branch; Version is '2020.3.7f1 (dd97f2c94397) revision 14522354'; Using compiler version '192528614'; Build Type 'Release'
OS: 'Windows 10 Home; OS build 19043.1165; Version 2009; 64bit' Language: 'en' Physical Memory: 8026 MB
BatchMode: 1, IsHumanControllingUs: 0, StartBugReporterOnCrash: 0, Is64bit: 1, IsPro: 0

 COMMAND LINE ARGUMENTS:
C:\Users\leo-element\Desktop\Unity\2020.3.7f1\Editor\Unity.exe
-adb2
-batchMode
-noUpm
-name
AssetImportWorker0
-projectPath
C:/Users/leo-element/Documents/GitHub/junior-programmer-project
-logFile
Logs/AssetImportWorker0.log
-srvPort
55135
Successfully changed project path to: C:/Users/leo-element/Documents/GitHub/junior-programmer-project
C:/Users/leo-element/Documents/GitHub/junior-programmer-project
Using Asset Import Pipeline V2.
Refreshing native plugins compatible for Editor in 56.48 ms, found 0 plugins.
Preloading 0 native plugins for Editor in 0.00 ms.
Initialize engine version: 2020.3.7f1 (dd97f2c94397)
[Subsystems] Discovering subsystems at path C:/Users/leo-element/Desktop/Unity/2020.3.7f1/Editor/Data/Resources/UnitySubsystems
[Subsystems] Discovering subsystems at path C:/Users/leo-element/Documents/GitHub/junior-programmer-project/Assets
GfxDevice: creating device client; threaded=0
Direct3D:
    Version:  Direct3D 11.0 [level 11.1]
    Renderer: Intel(R) HD Graphics 620 (ID=0x5916)
    Vendor:   
    VRAM:     4013 MB
    Driver:   25.20.100.6446
Shader 'Universal Render Pipeline/Particles/Lit': fallback shader 'Universal Render Pipeline/Particles/SimpleLit' not found
Initialize mono
Mono path[0] = 'C:/Users/leo-element/Desktop/Unity/2020.3.7f1/Editor/Data/Managed'
Mono path[1] = 'C:/Users/leo-element/Desktop/Unity/2020.3.7f1/Editor/Data/MonoBleedingEdge/lib/mono/unityjit'
Mono config path = 'C:/Users/leo-element/Desktop/Unity/2020.3.7f1/Editor/Data/MonoBleedingEdge/etc'
Using monoOptions --debugger-agent=transport=dt_socket,embedding=1,server=y,suspend=n,address=127.0.0.1:56628
Begin MonoManager ReloadAssembly
Registering precompiled unity dll's ...
Register platform support module: C:/Users/leo-element/Desktop/Unity/2020.3.7f1/Editor/Data/PlaybackEngines/WebGLSupport/UnityEditor.WebGL.Extensions.dll
Register platform support module: C:/Users/leo-element/Desktop/Unity/2020.3.7f1/Editor/Data/PlaybackEngines/WindowsStandaloneSupport/UnityEditor.WindowsStandalone.Extensions.dll
Registered in 0.004580 seconds.
Native extension for WindowsStandalone target not found
Native extension for WebGL target not found
Refreshing native plugins compatible for Editor in 63.44 ms, found 0 plugins.
Preloading 0 native plugins for Editor in 0.00 ms.
Mono: successfully reloaded assembly
- Completed reload, in  3.033 seconds
Platform modules already initialized, skipping
Registering precompiled user dll's ...
Registered in 0.002001 seconds.
Begin MonoManager ReloadAssembly
Native extension for WindowsStandalone target not found
Native extension for WebGL target not found
Refreshing native plugins compatible for Editor in 60.92 ms, found 0 plugins.
Preloading 0 native plugins for Editor in 0.00 ms.
Mono: successfully reloaded assembly
- Completed reload, in  1.507 seconds
Platform modules already initialized, skipping
========================================================================
Worker process is ready to serve import requests
Shader 'Universal Render Pipeline/Particles/Lit': fallback shader 'Universal Render Pipeline/Particles/SimpleLit' not found
Launched and connected shader compiler UnityShaderCompiler.exe after 0.07 seconds
Refreshing native plugins compatible for Editor in 0.65 ms, found 0 plugins.
Preloading 0 native plugins for Editor in 0.00 ms.
Unloading 2425 Unused Serialized files (Serialized files now loaded: 0)
System memory in use before: 113.8 MB.
System memory in use after: 114.0 MB.

Unloading 10 unused Assets to reduce memory usage. Loaded Objects now: 2867.
Total: 3.684800 ms (FindLiveObjects: 0.738800 ms CreateObjectMapping: 0.348200 ms MarkObjects: 2.497000 ms  DeleteObjects: 0.098400 ms)

========================================================================
Received Import Request.
  path: Assets/Scripts/NewBehaviourScript.cs
  artifactKey: Guid(445e86f4383a5b242a38c00e6d1796b7) Importer(815301076,1909f56bfc062723c751e8b465ee728b)
Start importing Assets/Scripts/NewBehaviourScript.cs using Guid(445e86f4383a5b242a38c00e6d1796b7) Importer(815301076,1909f56bfc062723c751e8b465ee728b)  -> (artifact id: 'e546314f9cdafc1543f7ba988e2b0e60') in 0.106938 seconds
  Import took 0.112692 seconds .

========================================================================
Received Import Request.
  Time since last request: 110.385485 seconds.
  path: Assets/Scripts/newscene.cs
  artifactKey: Guid(6c1661154a3ed66489ec9ab865e612c7) Importer(815301076,1909f56bfc062723c751e8b465ee728b)
Start importing Assets/Scripts/newscene.cs using Guid(6c1661154a3ed66489ec9ab865e612c7) Importer(815301076,1909f56bfc062723c751e8b465ee728b)  -> (artifact id: 'af92366d53c4573d52c425e1f3c51f63') in 0.017083 seconds
  Import took 0.026305 seconds .

========================================================================
Received Import Request.
  Time since last request: 125.501826 seconds.
  path: Assets/Scripts/newscene.cs
  artifactKey: Guid(6c1661154a3ed66489ec9ab865e612c7) Importer(815301076,1909f56bfc062723c751e8b465ee728b)
Start importing Assets/Scripts/newscene.cs using Guid(6c1661154a3ed66489ec9ab865e612c7) Importer(815301076,1909f56bfc062723c751e8b465ee728b)  -> (artifact id: '9e2a4b8eff7753a1a681827c7e20ced7') in 0.033883 seconds
  Import took 0.045253 seconds .

========================================================================
Received Prepare
Registering precompiled user dll's ...
Registered in 0.001809 seconds.
Begin MonoManager ReloadAssembly
Native extension for WindowsStandalone target not found
Native extension for WebGL target not found
Refreshing native plugins compatible for Editor in 0.77 ms, found 0 plugins.
Preloading 0 native plugins for Editor in 0.00 ms.
Mono: successfully reloaded assembly
- Completed reload, in  1.559 seconds
Platform modules already initialized, skipping
Shader 'Universal Render Pipeline/Particles/Lit': fallback shader 'Universal Render Pipeline/Particles/SimpleLit' not found
Refreshing native plugins compatible for Editor in 0.43 ms, found 0 plugins.
Preloading 0 native plugins for Editor in 0.00 ms.
Unloading 2317 Unused Serialized files (Serialized files now loaded: 0)
System memory in use before: 106.9 MB.
System memory in use after: 107.2 MB.

Unloading 5 unused Assets to reduce memory usage. Loaded Objects now: 2871.
Total: 4.000100 ms (FindLiveObjects: 0.647500 ms CreateObjectMapping: 0.391000 ms MarkObjects: 2.934000 ms  DeleteObjects: 0.025400 ms)

========================================================================
Received Import Request.
  Time since last request: 37.052132 seconds.
  path: Assets/Scripts/changescene.cs
  artifactKey: Guid(6d0431baa6a189c45879579b1836a44f) Importer(815301076,1909f56bfc062723c751e8b465ee728b)
Start importing Assets/Scripts/changescene.cs using Guid(6d0431baa6a189c45879579b1836a44f) Importer(815301076,1909f56bfc062723c751e8b465ee728b)  -> (artifact id: 'fa0c35bd2d075c9a0dcd85350a2f9911') in 0.054416 seconds
  Import took 0.064770 seconds .

========================================================================
Received Prepare
Registering precompiled user dll's ...
Registered in 0.001990 seconds.
Begin MonoManager ReloadAssembly
Native extension for WindowsStandalone target not found
Native extension for WebGL target not found
Refreshing native plugins compatible for Editor in 0.48 ms, found 0 plugins.
Preloading 0 native plugins for Editor in 0.00 ms.
Mono: successfully reloaded assembly
- Completed reload, in  1.311 seconds
Platform modules already initialized, skipping
Shader 'Universal Render Pipeline/Particles/Lit': fallback shader 'Universal Render Pipeline/Particles/SimpleLit' not found
Refreshing native plugins compatible for Editor in 0.57 ms, found 0 plugins.
Preloading 0 native plugins for Editor in 0.00 ms.
Unloading 2317 Unused Serialized files (Serialized files now loaded: 0)
System memory in use before: 107.0 MB.
System memory in use after: 107.2 MB.

Unloading 5 unused Assets to reduce memory usage. Loaded Objects now: 2874.
Total: 3.339300 ms (FindLiveObjects: 0.489200 ms CreateObjectMapping: 0.221800 ms MarkObjects: 2.599400 ms  DeleteObjects: 0.025900 ms)

========================================================================
Received Import Request.
  Time since last request: 232.764258 seconds.
  path: Assets/Scripts/newscene.cs
  artifactKey: Guid(6c1661154a3ed66489ec9ab865e612c7) Importer(815301076,1909f56bfc062723c751e8b465ee728b)
Start importing Assets/Scripts/newscene.cs using Guid(6c1661154a3ed66489ec9ab865e612c7) Importer(815301076,1909f56bfc062723c751e8b465ee728b)  -> (artifact id: '130fd80d387ee27cfa5cedcc8b6d9789') in 0.010758 seconds
  Import took 0.018800 seconds .

========================================================================
Received Import Request.
  Time since last request: 0.034675 seconds.
  path: Assets/Scripts/newscene.cs
  artifactKey: Guid(6c1661154a3ed66489ec9ab865e612c7) Importer(815301076,1909f56bfc062723c751e8b465ee728b)
Start importing Assets/Scripts/newscene.cs using Guid(6c1661154a3ed66489ec9ab865e612c7) Importer(815301076,1909f56bfc062723c751e8b465ee728b)  -> (artifact id: '130fd80d387ee27cfa5cedcc8b6d9789') in 0.004282 seconds
  Import took 0.014341 seconds .

========================================================================
Received Prepare
Registering precompiled user dll's ...
Registered in 0.010085 seconds.
Begin MonoManager ReloadAssembly
Native extension for WindowsStandalone target not found
Native extension for WebGL target not found
Refreshing native plugins compatible for Editor in 0.95 ms, found 0 plugins.
Preloading 0 native plugins for Editor in 0.00 ms.
Mono: successfully reloaded assembly
- Completed reload, in 10.336 seconds
Platform modules already initialized, skipping
Shader 'Universal Render Pipeline/Particles/Lit': fallback shader 'Universal Render Pipeline/Particles/SimpleLit' not found
Refreshing native plugins compatible for Editor in 0.48 ms, found 0 plugins.
Preloading 0 native plugins for Editor in 0.00 ms.
Unloading 2317 Unused Serialized files (Serialized files now loaded: 0)
System memory in use before: 107.0 MB.
System memory in use after: 107.2 MB.

Unloading 5 unused Assets to reduce memory usage. Loaded Objects now: 2877.
Total: 20.030000 ms (FindLiveObjects: 4.022600 ms CreateObjectMapping: 0.365200 ms MarkObjects: 15.610200 ms  DeleteObjects: 0.029300 ms)

========================================================================
Received Import Request.
  Time since last request: 43.570900 seconds.
  path: Assets/Scripts/newscene.cs
  artifactKey: Guid(6c1661154a3ed66489ec9ab865e612c7) Importer(815301076,1909f56bfc062723c751e8b465ee728b)
Start importing Assets/Scripts/newscene.cs using Guid(6c1661154a3ed66489ec9ab865e612c7) Importer(815301076,1909f56bfc062723c751e8b465ee728b)  -> (artifact id: '633526da3f0b04e5d4556cb59e54e211') in 0.207050 seconds
  Import took 0.442760 seconds .

========================================================================
Received Import Request.
  Time since last request: 20.462273 seconds.
  path: Assets/Scenes/game.unity
  artifactKey: Guid(78a510c781f19db4da14f78ebb30946a) Importer(815301076,1909f56bfc062723c751e8b465ee728b)
Start importing Assets/Scenes/game.unity using Guid(78a510c781f19db4da14f78ebb30946a) Importer(815301076,1909f56bfc062723c751e8b465ee728b)  -> (artifact id: 'cf809c383cd8dfafc66e4da12a79dd5d') in 0.160961 seconds
  Import took 0.170572 seconds .

========================================================================
Received Prepare
Registering precompiled user dll's ...
Registered in 0.002801 seconds.
Begin MonoManager ReloadAssembly
Native extension for WindowsStandalone target not found
Native extension for WebGL target not found
Refreshing native plugins compatible for Editor in 0.44 ms, found 0 plugins.
Preloading 0 native plugins for Editor in 0.00 ms.
Mono: successfully reloaded assembly
- Completed reload, in  1.396 seconds
Platform modules already initialized, skipping
Shader 'Universal Render Pipeline/Particles/Lit': fallback shader 'Universal Render Pipeline/Particles/SimpleLit' not found
Refreshing native plugins compatible for Editor in 0.52 ms, found 0 plugins.
Preloading 0 native plugins for Editor in 0.00 ms.
Unloading 2317 Unused Serialized files (Serialized files now loaded: 0)
System memory in use before: 107.0 MB.
System memory in use after: 107.3 MB.

Unloading 5 unused Assets to reduce memory usage. Loaded Objects now: 2880.
Total: 3.492500 ms (FindLiveObjects: 0.757000 ms CreateObjectMapping: 0.245800 ms MarkObjects: 2.458300 ms  DeleteObjects: 0.028500 ms)

========================================================================
Received Import Request.
  Time since last request: 53.678679 seconds.
  path: Assets/Scenes/menu.unity
  artifactKey: Guid(986531423b565104b9a5d621ac541166) Importer(815301076,1909f56bfc062723c751e8b465ee728b)
Start importing Assets/Scenes/menu.unity using Guid(986531423b565104b9a5d621ac541166) Importer(815301076,1909f56bfc062723c751e8b465ee728b)  -> (artifact id: 'f2b1fd53a718993387f6e2215cc35e9d') in 0.036076 seconds
  Import took 0.044511 seconds .

========================================================================
Received Import Request.
  Time since last request: 15.452125 seconds.
  path: Assets/Scenes/New Scene.unity
  artifactKey: Guid(27970f7b045a12f4ea95b6d4d3aed276) Importer(815301076,1909f56bfc062723c751e8b465ee728b)
Start importing Assets/Scenes/New Scene.unity using Guid(27970f7b045a12f4ea95b6d4d3aed276) Importer(815301076,1909f56bfc062723c751e8b465ee728b)  -> (artifact id: '92a97c55789fa86b232e3b639736a746') in 0.043438 seconds
  Import took 0.048801 seconds .

========================================================================
Received Import Request.
  Time since last request: 31.917446 seconds.
  path: Assets/Scenes/game.unity
  artifactKey: Guid(78a510c781f19db4da14f78ebb30946a) Importer(815301076,1909f56bfc062723c751e8b465ee728b)
Start importing Assets/Scenes/game.unity using Guid(78a510c781f19db4da14f78ebb30946a) Importer(815301076,1909f56bfc062723c751e8b465ee728b)  -> (artifact id: 'd37bdb7d9b810efa70df242e0509f0a0') in 0.031439 seconds
  Import took 0.041145 seconds .

========================================================================
Received Prepare
Registering precompiled user dll's ...
Registered in 0.004852 seconds.
Begin MonoManager ReloadAssembly
Native extension for WindowsStandalone target not found
Native extension for WebGL target not found
Refreshing native plugins compatible for Editor in 0.53 ms, found 0 plugins.
Preloading 0 native plugins for Editor in 0.00 ms.
Mono: successfully reloaded assembly
- Completed reload, in  1.433 seconds
Platform modules already initialized, skipping
Shader 'Universal Render Pipeline/Particles/Lit': fallback shader 'Universal Render Pipeline/Particles/SimpleLit' not found
Refreshing native plugins compatible for Editor in 0.48 ms, found 0 plugins.
Preloading 0 native plugins for Editor in 0.00 ms.
Unloading 2317 Unused Serialized files (Serialized files now loaded: 0)
System memory in use before: 107.0 MB.
System memory in use after: 107.2 MB.

Unloading 5 unused Assets to reduce memory usage. Loaded Objects now: 2883.
Total: 3.314200 ms (FindLiveObjects: 0.510200 ms CreateObjectMapping: 0.209200 ms MarkObjects: 2.565600 ms  DeleteObjects: 0.025800 ms)

========================================================================
Received Import Request.
  Time since last request: 60.277744 seconds.
  path: Assets/Scenes/game.unity
  artifactKey: Guid(78a510c781f19db4da14f78ebb30946a) Importer(815301076,1909f56bfc062723c751e8b465ee728b)
Start importing Assets/Scenes/game.unity using Guid(78a510c781f19db4da14f78ebb30946a) Importer(815301076,1909f56bfc062723c751e8b465ee728b)  -> (artifact id: '50784844b1d4d9747c0e704792c41ca4') in 0.025340 seconds
  Import took 0.031564 seconds .

========================================================================
Received Prepare
Registering precompiled user dll's ...
Registered in 0.001871 seconds.
Begin MonoManager ReloadAssembly
Native extension for WindowsStandalone target not found
Native extension for WebGL target not found
Refreshing native plugins compatible for Editor in 0.47 ms, found 0 plugins.
Preloading 0 native plugins for Editor in 0.00 ms.
Mono: successfully reloaded assembly
- Completed reload, in  1.382 seconds
Platform modules already initialized, skipping
Shader 'Universal Render Pipeline/Particles/Lit': fallback shader 'Universal Render Pipeline/Particles/SimpleLit' not found
Refreshing native plugins compatible for Editor in 0.43 ms, found 0 plugins.
Preloading 0 native plugins for Editor in 0.00 ms.
Unloading 2317 Unused Serialized files (Serialized files now loaded: 0)
System memory in use before: 107.1 MB.
System memory in use after: 107.3 MB.

Unloading 5 unused Assets to reduce memory usage. Loaded Objects now: 2886.
Total: 4.240700 ms (FindLiveObjects: 0.600500 ms CreateObjectMapping: 0.304300 ms MarkObjects: 3.308100 ms  DeleteObjects: 0.025000 ms)

========================================================================
Received Import Request.
  Time since last request: 133.725466 seconds.
  path: Assets/Scenes/game.unity
  artifactKey: Guid(78a510c781f19db4da14f78ebb30946a) Importer(815301076,1909f56bfc062723c751e8b465ee728b)
Start importing Assets/Scenes/game.unity using Guid(78a510c781f19db4da14f78ebb30946a) Importer(815301076,1909f56bfc062723c751e8b465ee728b)  -> (artifact id: 'dbbc57faf05ab94ce033cbb761a8bf94') in 0.056720 seconds
  Import took 0.066906 seconds .

========================================================================
Received Prepare
Registering precompiled user dll's ...
Registered in 0.002123 seconds.
Begin MonoManager ReloadAssembly
Native extension for WindowsStandalone target not found
Native extension for WebGL target not found
Refreshing native plugins compatible for Editor in 0.44 ms, found 0 plugins.
Preloading 0 native plugins for Editor in 0.00 ms.
Mono: successfully reloaded assembly
- Completed reload, in  1.368 seconds
Platform modules already initialized, skipping
Shader 'Universal Render Pipeline/Particles/Lit': fallback shader 'Universal Render Pipeline/Particles/SimpleLit' not found
Refreshing native plugins compatible for Editor in 0.72 ms, found 0 plugins.
Preloading 0 native plugins for Editor in 0.00 ms.
Unloading 2317 Unused Serialized files (Serialized files now loaded: 0)
System memory in use before: 107.1 MB.
System memory in use after: 107.3 MB.

Unloading 5 unused Assets to reduce memory usage. Loaded Objects now: 2889.
Total: 2.675600 ms (FindLiveObjects: 0.413800 ms CreateObjectMapping: 0.137600 ms MarkObjects: 2.099900 ms  DeleteObjects: 0.021800 ms)

========================================================================
Received Import Request.
  Time since last request: 65.841542 seconds.
  path: Assets/Scenes/game.unity
  artifactKey: Guid(78a510c781f19db4da14f78ebb30946a) Importer(815301076,1909f56bfc062723c751e8b465ee728b)
Start importing Assets/Scenes/game.unity using Guid(78a510c781f19db4da14f78ebb30946a) Importer(815301076,1909f56bfc062723c751e8b465ee728b)  -> (artifact id: '90ed587b8e8a3c0ead2558cbfbce294c') in 0.038166 seconds
  Import took 0.044291 seconds .

========================================================================
Received Import Request.
  Time since last request: 182.622955 seconds.
  path: Assets/Scenes/game.unity
  artifactKey: Guid(78a510c781f19db4da14f78ebb30946a) Importer(815301076,1909f56bfc062723c751e8b465ee728b)
Start importing Assets/Scenes/game.unity using Guid(78a510c781f19db4da14f78ebb30946a) Importer(815301076,1909f56bfc062723c751e8b465ee728b)  -> (artifact id: '1b2fb0eef923d776c3d9c6a7b35e9044') in 0.050303 seconds
  Import took 0.057397 seconds .

========================================================================
Received Prepare
Registering precompiled user dll's ...
Registered in 0.002783 seconds.
Begin MonoManager ReloadAssembly
Native extension for WindowsStandalone target not found
Native extension for WebGL target not found
Refreshing native plugins compatible for Editor in 0.45 ms, found 0 plugins.
Preloading 0 native plugins for Editor in 0.00 ms.
Mono: successfully reloaded assembly
- Completed reload, in  1.261 seconds
Platform modules already initialized, skipping
Shader 'Universal Render Pipeline/Particles/Lit': fallback shader 'Universal Render Pipeline/Particles/SimpleLit' not found
Refreshing native plugins compatible for Editor in 0.44 ms, found 0 plugins.
Preloading 0 native plugins for Editor in 0.00 ms.
Unloading 2317 Unused Serialized files (Serialized files now loaded: 0)
System memory in use before: 107.1 MB.
System memory in use after: 107.3 MB.

Unloading 5 unused Assets to reduce memory usage. Loaded Objects now: 2892.
Total: 2.983600 ms (FindLiveObjects: 0.513800 ms CreateObjectMapping: 0.248800 ms MarkObjects: 2.194100 ms  DeleteObjects: 0.024600 ms)

========================================================================
Received Import Request.
  Time since last request: 82.031723 seconds.
  path: Assets/Scenes/game.unity
  artifactKey: Guid(78a510c781f19db4da14f78ebb30946a) Importer(815301076,1909f56bfc062723c751e8b465ee728b)
Start importing Assets/Scenes/game.unity using Guid(78a510c781f19db4da14f78ebb30946a) Importer(815301076,1909f56bfc062723c751e8b465ee728b)  -> (artifact id: '88c362bb70ce1a73b4969d88ca391f72') in 0.031334 seconds
  Import took 0.040161 seconds .

========================================================================
Received Prepare
Registering precompiled user dll's ...
Registered in 0.004446 seconds.
Begin MonoManager ReloadAssembly
Native extension for WindowsStandalone target not found
Native extension for WebGL target not found
Refreshing native plugins compatible for Editor in 0.47 ms, found 0 plugins.
Preloading 0 native plugins for Editor in 0.00 ms.
Mono: successfully reloaded assembly
- Completed reload, in  1.296 seconds
Platform modules already initialized, skipping
Shader 'Universal Render Pipeline/Particles/Lit': fallback shader 'Universal Render Pipeline/Particles/SimpleLit' not found
Refreshing native plugins compatible for Editor in 0.44 ms, found 0 plugins.
Preloading 0 native plugins for Editor in 0.00 ms.
Unloading 2317 Unused Serialized files (Serialized files now loaded: 0)
System memory in use before: 107.1 MB.
System memory in use after: 107.3 MB.

Unloading 5 unused Assets to reduce memory usage. Loaded Objects now: 2895.
Total: 3.915200 ms (FindLiveObjects: 0.494700 ms CreateObjectMapping: 0.236900 ms MarkObjects: 3.152000 ms  DeleteObjects: 0.029300 ms)

AssetImportWorkerClient::OnTransportError - code=2 error=End of file
